# JRE version: OpenJDK Runtime Environment (8.0_152-b02) (build 1.8.0_152-release-1024-b02)
# Java VM: OpenJDK 64-Bit Server VM (25.152-b02 mixed mode windows-amd64 compressed oops)
Heap:
 PSYoungGen      total 417792K, used 360998K [0x00000000e0000000, 0x00000000fbc80000, 0x0000000100000000)
  eden space 392704K, 90% used [0x00000000e0000000,0x00000000f5cb0738,0x00000000f7f80000)
  from space 25088K, 15% used [0x00000000fa400000,0x00000000fa7d90f8,0x00000000fbc80000)
  to   space 31232K, 0% used [0x00000000f7f80000,0x00000000f7f80000,0x00000000f9e00000)
 ParOldGen       total 232960K, used 197040K [0x00000000a0000000, 0x00000000ae380000, 0x00000000e0000000)
  object space 232960K, 84% used [0x00000000a0000000,0x00000000ac06c340,0x00000000ae380000)
 Metaspace       used 75330K, capacity 77618K, committed 79320K, reserved 1118208K
  class space    used 9552K, capacity 10107K, committed 10496K, reserved 1048576K
GC Heap History (10 events):
Event: 2428.089 GC heap before
{Heap before GC invocations=43 (full 5):
 PSYoungGen      total 312320K, used 282054K [0x00000000e0000000, 0x00000000f7500000, 0x0000000100000000)
  eden space 272384K, 100% used [0x00000000e0000000,0x00000000f0a00000,0x00000000f0a00000)
  from space 39936K, 24% used [0x00000000f0a00000,0x00000000f1371a48,0x00000000f3100000)
  to   space 37888K, 0% used [0x00000000f5000000,0x00000000f5000000,0x00000000f7500000)
 ParOldGen       total 232960K, used 167267K [0x00000000a0000000, 0x00000000ae380000, 0x00000000e0000000)
  object space 232960K, 71% used [0x00000000a0000000,0x00000000aa358fe8,0x00000000ae380000)
 Metaspace       used 73857K, capacity 76066K, committed 77912K, reserved 1116160K
  class space    used 9403K, capacity 9957K, committed 10368K, reserved 1048576K
Event: 2428.130 GC heap after
Heap after GC invocations=43 (full 5):
 PSYoungGen      total 345088K, used 4640K [0x00000000e0000000, 0x00000000f7700000, 0x0000000100000000)
  eden space 307200K, 0% used [0x00000000e0000000,0x00000000e0000000,0x00000000f2c00000)
  from space 37888K, 12% used [0x00000000f5000000,0x00000000f5488000,0x00000000f7500000)
  to   space 36864K, 0% used [0x00000000f2c00000,0x00000000f2c00000,0x00000000f5000000)
 ParOldGen       total 232960K, used 174908K [0x00000000a0000000, 0x00000000ae380000, 0x00000000e0000000)
  object space 232960K, 75% used [0x00000000a0000000,0x00000000aaacf018,0x00000000ae380000)
 Metaspace       used 73857K, capacity 76066K, committed 77912K, reserved 1116160K
  class space    used 9403K, capacity 9957K, committed 10368K, reserved 1048576K
}
Event: 2429.198 GC heap before
{Heap before GC invocations=44 (full 5):
 PSYoungGen      total 345088K, used 311840K [0x00000000e0000000, 0x00000000f7700000, 0x0000000100000000)
  eden space 307200K, 100% used [0x00000000e0000000,0x00000000f2c00000,0x00000000f2c00000)
  from space 37888K, 12% used [0x00000000f5000000,0x00000000f5488000,0x00000000f7500000)
  to   space 36864K, 0% used [0x00000000f2c00000,0x00000000f2c00000,0x00000000f5000000)
 ParOldGen       total 232960K, used 174908K [0x00000000a0000000, 0x00000000ae380000, 0x00000000e0000000)
  object space 232960K, 75% used [0x00000000a0000000,0x00000000aaacf018,0x00000000ae380000)
 Metaspace       used 73859K, capacity 76066K, committed 77912K, reserved 1116160K
  class space    used 9403K, capacity 9957K, committed 10368K, reserved 1048576K
Event: 2429.228 GC heap after
Heap after GC invocations=44 (full 5):
 PSYoungGen      total 344064K, used 4896K [0x00000000e0000000, 0x00000000f9c00000, 0x0000000100000000)
  eden space 307200K, 0% used [0x00000000e0000000,0x00000000e0000000,0x00000000f2c00000)
  from space 36864K, 13% used [0x00000000f2c00000,0x00000000f30c8000,0x00000000f5000000)
  to   space 35328K, 0% used [0x00000000f7980000,0x00000000f7980000,0x00000000f9c00000)
 ParOldGen       total 232960K, used 179512K [0x00000000a0000000, 0x00000000ae380000, 0x00000000e0000000)
  object space 232960K, 77% used [0x00000000a0000000,0x00000000aaf4e340,0x00000000ae380000)
 Metaspace       used 73859K, capacity 76066K, committed 77912K, reserved 1116160K
  class space    used 9403K, capacity 9957K, committed 10368K, reserved 1048576K
}
Event: 2430.274 GC heap before
{Heap before GC invocations=45 (full 5):
 PSYoungGen      total 344064K, used 312096K [0x00000000e0000000, 0x00000000f9c00000, 0x0000000100000000)
  eden space 307200K, 100% used [0x00000000e0000000,0x00000000f2c00000,0x00000000f2c00000)
  from space 36864K, 13% used [0x00000000f2c00000,0x00000000f30c8000,0x00000000f5000000)
  to   space 35328K, 0% used [0x00000000f7980000,0x00000000f7980000,0x00000000f9c00000)
 ParOldGen       total 232960K, used 179512K [0x00000000a0000000, 0x00000000ae380000, 0x00000000e0000000)
  object space 232960K, 77% used [0x00000000a0000000,0x00000000aaf4e340,0x00000000ae380000)
 Metaspace       used 73861K, capacity 76066K, committed 77912K, reserved 1116160K
  class space    used 9403K, capacity 9957K, committed 10368K, reserved 1048576K
Event: 2430.299 GC heap after
Heap after GC invocations=45 (full 5):
 PSYoungGen      total 383488K, used 6400K [0x00000000e0000000, 0x00000000f9900000, 0x0000000100000000)
  eden space 351232K, 0% used [0x00000000e0000000,0x00000000e0000000,0x00000000f5700000)
  from space 32256K, 19% used [0x00000000f7980000,0x00000000f7fc0000,0x00000000f9900000)
  to   space 33792K, 0% used [0x00000000f5700000,0x00000000f5700000,0x00000000f7800000)
 ParOldGen       total 232960K, used 184392K [0x00000000a0000000, 0x00000000ae380000, 0x00000000e0000000)
  object space 232960K, 79% used [0x00000000a0000000,0x00000000ab412340,0x00000000ae380000)
 Metaspace       used 73861K, capacity 76066K, committed 77912K, reserved 1116160K
  class space    used 9403K, capacity 9957K, committed 10368K, reserved 1048576K
}
Event: 2431.424 GC heap before
{Heap before GC invocations=46 (full 5):
 PSYoungGen      total 383488K, used 357632K [0x00000000e0000000, 0x00000000f9900000, 0x0000000100000000)
  eden space 351232K, 100% used [0x00000000e0000000,0x00000000f5700000,0x00000000f5700000)
  from space 32256K, 19% used [0x00000000f7980000,0x00000000f7fc0000,0x00000000f9900000)
  to   space 33792K, 0% used [0x00000000f5700000,0x00000000f5700000,0x00000000f7800000)
 ParOldGen       total 232960K, used 184392K [0x00000000a0000000, 0x00000000ae380000, 0x00000000e0000000)
  object space 232960K, 79% used [0x00000000a0000000,0x00000000ab412340,0x00000000ae380000)
 Metaspace       used 73863K, capacity 76066K, committed 77912K, reserved 1116160K
  class space    used 9403K, capacity 9957K, committed 10368K, reserved 1048576K
Event: 2431.466 GC heap after
Heap after GC invocations=46 (full 5):
 PSYoungGen      total 385024K, used 6304K [0x00000000e0000000, 0x00000000fc380000, 0x0000000100000000)
  eden space 351232K, 0% used [0x00000000e0000000,0x00000000e0000000,0x00000000f5700000)
  from space 33792K, 18% used [0x00000000f5700000,0x00000000f5d28000,0x00000000f7800000)
  to   space 32256K, 0% used [0x00000000fa400000,0x00000000fa400000,0x00000000fc380000)
 ParOldGen       total 232960K, used 190792K [0x00000000a0000000, 0x00000000ae380000, 0x00000000e0000000)
  object space 232960K, 81% used [0x00000000a0000000,0x00000000aba52340,0x00000000ae380000)
 Metaspace       used 73863K, capacity 76066K, committed 77912K, reserved 1116160K
  class space    used 9403K, capacity 9957K, committed 10368K, reserved 1048576K
}
Event: 2446.537 GC heap before
{Heap before GC invocations=47 (full 5):
 PSYoungGen      total 385024K, used 357536K [0x00000000e0000000, 0x00000000fc380000, 0x0000000100000000)
  eden space 351232K, 100% used [0x00000000e0000000,0x00000000f5700000,0x00000000f5700000)
  from space 33792K, 18% used [0x00000000f5700000,0x00000000f5d28000,0x00000000f7800000)
  to   space 32256K, 0% used [0x00000000fa400000,0x00000000fa400000,0x00000000fc380000)
 ParOldGen       total 232960K, used 190792K [0x00000000a0000000, 0x00000000ae380000, 0x00000000e0000000)
  object space 232960K, 81% used [0x00000000a0000000,0x00000000aba52340,0x00000000ae380000)
 Metaspace       used 74210K, capacity 76392K, committed 78168K, reserved 1118208K
  class space    used 9425K, capacity 9958K, committed 10368K, reserved 1048576K
Event: 2446.566 GC heap after
Heap after GC invocations=47 (full 5):
 PSYoungGen      total 417792K, used 3940K [0x00000000e0000000, 0x00000000fbc80000, 0x0000000100000000)
  eden space 392704K, 0% used [0x00000000e0000000,0x00000000e0000000,0x00000000f7f80000)
  from space 25088K, 15% used [0x00000000fa400000,0x00000000fa7d90f8,0x00000000fbc80000)
  to   space 31232K, 0% used [0x00000000f7f80000,0x00000000f7f80000,0x00000000f9e00000)
 ParOldGen       total 232960K, used 197040K [0x00000000a0000000, 0x00000000ae380000, 0x00000000e0000000)
  object space 232960K, 84% used [0x00000000a0000000,0x00000000ac06c340,0x00000000ae380000)
 Metaspace       used 74210K, capacity 76392K, committed 78168K, reserved 1118208K
  class space    used 9425K, capacity 9958K, committed 10368K, reserved 1048576K
}

