# JRE version: OpenJDK Runtime Environment (8.0_152-b02) (build 1.8.0_152-release-1024-b02)
# Java VM: OpenJDK 64-Bit Server VM (25.152-b02 mixed mode windows-amd64 compressed oops)
Heap:
 PSYoungGen      total 406528K, used 91905K [0x00000000e0000000, 0x0000000100000000, 0x0000000100000000)
  eden space 292864K, 31% used [0x00000000e0000000,0x00000000e59c07a8,0x00000000f1e00000)
  from space 113664K, 0% used [0x00000000f9100000,0x00000000f9100000,0x0000000100000000)
  to   space 115712K, 0% used [0x00000000f1e00000,0x00000000f1e00000,0x00000000f8f00000)
 ParOldGen       total 339968K, used 208470K [0x00000000a0000000, 0x00000000b4c00000, 0x00000000e0000000)
  object space 339968K, 61% used [0x00000000a0000000,0x00000000acb95850,0x00000000b4c00000)
 Metaspace       used 83822K, capacity 88024K, committed 88280K, reserved 1126400K
  class space    used 10825K, capacity 11693K, committed 11776K, reserved 1048576K
GC Heap History (10 events):
Event: 1281.689 GC heap before
{Heap before GC invocations=34 (full 5):
 PSYoungGen      total 342528K, used 83966K [0x00000000e0000000, 0x00000000ffe00000, 0x0000000100000000)
  eden space 258560K, 0% used [0x00000000e0000000,0x00000000e0000000,0x00000000efc80000)
  from space 83968K, 99% used [0x00000000efc80000,0x00000000f4e7fa98,0x00000000f4e80000)
  to   space 104448K, 0% used [0x00000000f9800000,0x00000000f9800000,0x00000000ffe00000)
 ParOldGen       total 198144K, used 174032K [0x00000000a0000000, 0x00000000ac180000, 0x00000000e0000000)
  object space 198144K, 87% used [0x00000000a0000000,0x00000000aa9f4380,0x00000000ac180000)
 Metaspace       used 83424K, capacity 87576K, committed 87768K, reserved 1126400K
  class space    used 10811K, capacity 11675K, committed 11776K, reserved 1048576K
Event: 1283.490 GC heap after
Heap after GC invocations=34 (full 5):
 PSYoungGen      total 342528K, used 10810K [0x00000000e0000000, 0x00000000ffe00000, 0x0000000100000000)
  eden space 258560K, 0% used [0x00000000e0000000,0x00000000e0000000,0x00000000efc80000)
  from space 83968K, 12% used [0x00000000efc80000,0x00000000f070e8c8,0x00000000f4e80000)
  to   space 104448K, 0% used [0x00000000f9800000,0x00000000f9800000,0x00000000ffe00000)
 ParOldGen       total 302592K, used 197883K [0x00000000a0000000, 0x00000000b2780000, 0x00000000e0000000)
  object space 302592K, 65% used [0x00000000a0000000,0x00000000ac13ed28,0x00000000b2780000)
 Metaspace       used 83423K, capacity 87574K, committed 87768K, reserved 1126400K
  class space    used 10810K, capacity 11674K, committed 11776K, reserved 1048576K
}
Event: 1283.830 GC heap before
{Heap before GC invocations=35 (full 5):
 PSYoungGen      total 342528K, used 269370K [0x00000000e0000000, 0x00000000ffe00000, 0x0000000100000000)
  eden space 258560K, 100% used [0x00000000e0000000,0x00000000efc80000,0x00000000efc80000)
  from space 83968K, 12% used [0x00000000efc80000,0x00000000f070e8c8,0x00000000f4e80000)
  to   space 104448K, 0% used [0x00000000f9800000,0x00000000f9800000,0x00000000ffe00000)
 ParOldGen       total 302592K, used 197883K [0x00000000a0000000, 0x00000000b2780000, 0x00000000e0000000)
  object space 302592K, 65% used [0x00000000a0000000,0x00000000ac13ed28,0x00000000b2780000)
 Metaspace       used 83424K, capacity 87574K, committed 87768K, reserved 1126400K
  class space    used 10810K, capacity 11674K, committed 11776K, reserved 1048576K
Event: 1283.904 GC heap after
Heap after GC invocations=35 (full 5):
 PSYoungGen      total 418816K, used 7687K [0x00000000e0000000, 0x00000000ffd00000, 0x0000000100000000)
  eden space 315392K, 0% used [0x00000000e0000000,0x00000000e0000000,0x00000000f3400000)
  from space 103424K, 7% used [0x00000000f9800000,0x00000000f9f81fc0,0x00000000ffd00000)
  to   space 102400K, 0% used [0x00000000f3400000,0x00000000f3400000,0x00000000f9800000)
 ParOldGen       total 302592K, used 197939K [0x00000000a0000000, 0x00000000b2780000, 0x00000000e0000000)
  object space 302592K, 65% used [0x00000000a0000000,0x00000000ac14cd28,0x00000000b2780000)
 Metaspace       used 83424K, capacity 87574K, committed 87768K, reserved 1126400K
  class space    used 10810K, capacity 11674K, committed 11776K, reserved 1048576K
}
Event: 1297.565 GC heap before
{Heap before GC invocations=36 (full 5):
 PSYoungGen      total 418816K, used 323079K [0x00000000e0000000, 0x00000000ffd00000, 0x0000000100000000)
  eden space 315392K, 100% used [0x00000000e0000000,0x00000000f3400000,0x00000000f3400000)
  from space 103424K, 7% used [0x00000000f9800000,0x00000000f9f81fc0,0x00000000ffd00000)
  to   space 102400K, 0% used [0x00000000f3400000,0x00000000f3400000,0x00000000f9800000)
 ParOldGen       total 302592K, used 197939K [0x00000000a0000000, 0x00000000b2780000, 0x00000000e0000000)
  object space 302592K, 65% used [0x00000000a0000000,0x00000000ac14cd28,0x00000000b2780000)
 Metaspace       used 83578K, capacity 87776K, committed 88024K, reserved 1126400K
  class space    used 10819K, capacity 11685K, committed 11776K, reserved 1048576K
Event: 1297.776 GC heap after
Heap after GC invocations=36 (full 5):
 PSYoungGen      total 398336K, used 82433K [0x00000000e0000000, 0x0000000100000000, 0x0000000100000000)
  eden space 315392K, 0% used [0x00000000e0000000,0x00000000e0000000,0x00000000f3400000)
  from space 82944K, 99% used [0x00000000f3400000,0x00000000f84804e0,0x00000000f8500000)
  to   space 113664K, 0% used [0x00000000f9100000,0x00000000f9100000,0x0000000100000000)
 ParOldGen       total 302592K, used 205595K [0x00000000a0000000, 0x00000000b2780000, 0x00000000e0000000)
  object space 302592K, 67% used [0x00000000a0000000,0x00000000ac8c6d98,0x00000000b2780000)
 Metaspace       used 83578K, capacity 87776K, committed 88024K, reserved 1126400K
  class space    used 10819K, capacity 11685K, committed 11776K, reserved 1048576K
}
Event: 1302.388 GC heap before
{Heap before GC invocations=37 (full 5):
 PSYoungGen      total 398336K, used 397825K [0x00000000e0000000, 0x0000000100000000, 0x0000000100000000)
  eden space 315392K, 100% used [0x00000000e0000000,0x00000000f3400000,0x00000000f3400000)
  from space 82944K, 99% used [0x00000000f3400000,0x00000000f84804e0,0x00000000f8500000)
  to   space 113664K, 0% used [0x00000000f9100000,0x00000000f9100000,0x0000000100000000)
 ParOldGen       total 302592K, used 205595K [0x00000000a0000000, 0x00000000b2780000, 0x00000000e0000000)
  object space 302592K, 67% used [0x00000000a0000000,0x00000000ac8c6d98,0x00000000b2780000)
 Metaspace       used 83776K, capacity 88000K, committed 88280K, reserved 1126400K
  class space    used 10823K, capacity 11689K, committed 11776K, reserved 1048576K
Event: 1302.566 GC heap after
Heap after GC invocations=37 (full 5):
 PSYoungGen      total 406528K, used 64167K [0x00000000e0000000, 0x0000000100000000, 0x0000000100000000)
  eden space 292864K, 0% used [0x00000000e0000000,0x00000000e0000000,0x00000000f1e00000)
  from space 113664K, 56% used [0x00000000f9100000,0x00000000fcfa9cb0,0x0000000100000000)
  to   space 115712K, 0% used [0x00000000f1e00000,0x00000000f1e00000,0x00000000f8f00000)
 ParOldGen       total 302592K, used 260833K [0x00000000a0000000, 0x00000000b2780000, 0x00000000e0000000)
  object space 302592K, 86% used [0x00000000a0000000,0x00000000afeb8588,0x00000000b2780000)
 Metaspace       used 83776K, capacity 88000K, committed 88280K, reserved 1126400K
  class space    used 10823K, capacity 11689K, committed 11776K, reserved 1048576K
}
Event: 1302.566 GC heap before
{Heap before GC invocations=38 (full 6):
 PSYoungGen      total 406528K, used 64167K [0x00000000e0000000, 0x0000000100000000, 0x0000000100000000)
  eden space 292864K, 0% used [0x00000000e0000000,0x00000000e0000000,0x00000000f1e00000)
  from space 113664K, 56% used [0x00000000f9100000,0x00000000fcfa9cb0,0x0000000100000000)
  to   space 115712K, 0% used [0x00000000f1e00000,0x00000000f1e00000,0x00000000f8f00000)
 ParOldGen       total 302592K, used 260833K [0x00000000a0000000, 0x00000000b2780000, 0x00000000e0000000)
  object space 302592K, 86% used [0x00000000a0000000,0x00000000afeb8588,0x00000000b2780000)
 Metaspace       used 83776K, capacity 88000K, committed 88280K, reserved 1126400K
  class space    used 10823K, capacity 11689K, committed 11776K, reserved 1048576K
Event: 1304.036 GC heap after
Heap after GC invocations=38 (full 6):
 PSYoungGen      total 406528K, used 0K [0x00000000e0000000, 0x0000000100000000, 0x0000000100000000)
  eden space 292864K, 0% used [0x00000000e0000000,0x00000000e0000000,0x00000000f1e00000)
  from space 113664K, 0% used [0x00000000f9100000,0x00000000f9100000,0x0000000100000000)
  to   space 115712K, 0% used [0x00000000f1e00000,0x00000000f1e00000,0x00000000f8f00000)
 ParOldGen       total 339968K, used 208470K [0x00000000a0000000, 0x00000000b4c00000, 0x00000000e0000000)
  object space 339968K, 61% used [0x00000000a0000000,0x00000000acb95850,0x00000000b4c00000)
 Metaspace       used 83776K, capacity 88000K, committed 88280K, reserved 1126400K
  class space    used 10823K, capacity 11689K, committed 11776K, reserved 1048576K
}

