# JRE version: OpenJDK Runtime Environment (8.0_152-b02) (build 1.8.0_152-release-1024-b02)
# Java VM: OpenJDK 64-Bit Server VM (25.152-b02 mixed mode windows-amd64 compressed oops)
Heap:
 PSYoungGen      total 442880K, used 52922K [0x00000000e0000000, 0x00000000ffd80000, 0x0000000100000000)
  eden space 406016K, 11% used [0x00000000e0000000,0x00000000e2e21708,0x00000000f8c80000)
  from space 36864K, 15% used [0x00000000f8c80000,0x00000000f920d370,0x00000000fb080000)
  to   space 35328K, 0% used [0x00000000fdb00000,0x00000000fdb00000,0x00000000ffd80000)
 ParOldGen       total 227328K, used 197030K [0x00000000a0000000, 0x00000000ade00000, 0x00000000e0000000)
  object space 227328K, 86% used [0x00000000a0000000,0x00000000ac069918,0x00000000ade00000)
 Metaspace       used 69858K, capacity 72560K, committed 72792K, reserved 1112064K
  class space    used 9153K, capacity 9830K, committed 9856K, reserved 1048576K
GC Heap History (10 events):
Event: 992.759 GC heap before
{Heap before GC invocations=33 (full 4):
 PSYoungGen      total 336896K, used 315297K [0x00000000e0000000, 0x00000000f7a80000, 0x0000000100000000)
  eden space 301568K, 100% used [0x00000000e0000000,0x00000000f2680000,0x00000000f2680000)
  from space 35328K, 38% used [0x00000000f5800000,0x00000000f6568698,0x00000000f7a80000)
  to   space 43008K, 0% used [0x00000000f2680000,0x00000000f2680000,0x00000000f5080000)
 ParOldGen       total 227328K, used 162988K [0x00000000a0000000, 0x00000000ade00000, 0x00000000e0000000)
  object space 227328K, 71% used [0x00000000a0000000,0x00000000a9f2b270,0x00000000ade00000)
 Metaspace       used 69420K, capacity 72132K, committed 72280K, reserved 1112064K
  class space    used 9130K, capacity 9796K, committed 9856K, reserved 1048576K
Event: 992.810 GC heap after
Heap after GC invocations=33 (full 4):
 PSYoungGen      total 344576K, used 4736K [0x00000000e0000000, 0x00000000fad80000, 0x0000000100000000)
  eden space 301568K, 0% used [0x00000000e0000000,0x00000000e0000000,0x00000000f2680000)
  from space 43008K, 11% used [0x00000000f2680000,0x00000000f2b20000,0x00000000f5080000)
  to   space 41984K, 0% used [0x00000000f8480000,0x00000000f8480000,0x00000000fad80000)
 ParOldGen       total 227328K, used 174289K [0x00000000a0000000, 0x00000000ade00000, 0x00000000e0000000)
  object space 227328K, 76% used [0x00000000a0000000,0x00000000aaa345f0,0x00000000ade00000)
 Metaspace       used 69420K, capacity 72132K, committed 72280K, reserved 1112064K
  class space    used 9130K, capacity 9796K, committed 9856K, reserved 1048576K
}
Event: 996.086 GC heap before
{Heap before GC invocations=34 (full 4):
 PSYoungGen      total 344576K, used 306304K [0x00000000e0000000, 0x00000000fad80000, 0x0000000100000000)
  eden space 301568K, 100% used [0x00000000e0000000,0x00000000f2680000,0x00000000f2680000)
  from space 43008K, 11% used [0x00000000f2680000,0x00000000f2b20000,0x00000000f5080000)
  to   space 41984K, 0% used [0x00000000f8480000,0x00000000f8480000,0x00000000fad80000)
 ParOldGen       total 227328K, used 174289K [0x00000000a0000000, 0x00000000ade00000, 0x00000000e0000000)
  object space 227328K, 76% used [0x00000000a0000000,0x00000000aaa345f0,0x00000000ade00000)
 Metaspace       used 69428K, capacity 72132K, committed 72280K, reserved 1112064K
  class space    used 9130K, capacity 9796K, committed 9856K, reserved 1048576K
Event: 996.119 GC heap after
Heap after GC invocations=34 (full 4):
 PSYoungGen      total 388608K, used 4896K [0x00000000e0000000, 0x00000000fa780000, 0x0000000100000000)
  eden space 352768K, 0% used [0x00000000e0000000,0x00000000e0000000,0x00000000f5880000)
  from space 35840K, 13% used [0x00000000f8480000,0x00000000f8948000,0x00000000fa780000)
  to   space 40448K, 0% used [0x00000000f5880000,0x00000000f5880000,0x00000000f8000000)
 ParOldGen       total 227328K, used 178977K [0x00000000a0000000, 0x00000000ade00000, 0x00000000e0000000)
  object space 227328K, 78% used [0x00000000a0000000,0x00000000aaec85f0,0x00000000ade00000)
 Metaspace       used 69428K, capacity 72132K, committed 72280K, reserved 1112064K
  class space    used 9130K, capacity 9796K, committed 9856K, reserved 1048576K
}
Event: 999.785 GC heap before
{Heap before GC invocations=35 (full 4):
 PSYoungGen      total 388608K, used 357664K [0x00000000e0000000, 0x00000000fa780000, 0x0000000100000000)
  eden space 352768K, 100% used [0x00000000e0000000,0x00000000f5880000,0x00000000f5880000)
  from space 35840K, 13% used [0x00000000f8480000,0x00000000f8948000,0x00000000fa780000)
  to   space 40448K, 0% used [0x00000000f5880000,0x00000000f5880000,0x00000000f8000000)
 ParOldGen       total 227328K, used 178977K [0x00000000a0000000, 0x00000000ade00000, 0x00000000e0000000)
  object space 227328K, 78% used [0x00000000a0000000,0x00000000aaec85f0,0x00000000ade00000)
 Metaspace       used 69429K, capacity 72132K, committed 72280K, reserved 1112064K
  class space    used 9130K, capacity 9796K, committed 9856K, reserved 1048576K
Event: 999.809 GC heap after
Heap after GC invocations=35 (full 4):
 PSYoungGen      total 393216K, used 6592K [0x00000000e0000000, 0x00000000fd980000, 0x0000000100000000)
  eden space 352768K, 0% used [0x00000000e0000000,0x00000000e0000000,0x00000000f5880000)
  from space 40448K, 16% used [0x00000000f5880000,0x00000000f5ef0000,0x00000000f8000000)
  to   space 38400K, 0% used [0x00000000fb400000,0x00000000fb400000,0x00000000fd980000)
 ParOldGen       total 227328K, used 183790K [0x00000000a0000000, 0x00000000ade00000, 0x00000000e0000000)
  object space 227328K, 80% used [0x00000000a0000000,0x00000000ab37b918,0x00000000ade00000)
 Metaspace       used 69429K, capacity 72132K, committed 72280K, reserved 1112064K
  class space    used 9130K, capacity 9796K, committed 9856K, reserved 1048576K
}
Event: 1001.772 GC heap before
{Heap before GC invocations=36 (full 4):
 PSYoungGen      total 393216K, used 359360K [0x00000000e0000000, 0x00000000fd980000, 0x0000000100000000)
  eden space 352768K, 100% used [0x00000000e0000000,0x00000000f5880000,0x00000000f5880000)
  from space 40448K, 16% used [0x00000000f5880000,0x00000000f5ef0000,0x00000000f8000000)
  to   space 38400K, 0% used [0x00000000fb400000,0x00000000fb400000,0x00000000fd980000)
 ParOldGen       total 227328K, used 183790K [0x00000000a0000000, 0x00000000ade00000, 0x00000000e0000000)
  object space 227328K, 80% used [0x00000000a0000000,0x00000000ab37b918,0x00000000ade00000)
 Metaspace       used 69432K, capacity 72132K, committed 72280K, reserved 1112064K
  class space    used 9130K, capacity 9796K, committed 9856K, reserved 1048576K
Event: 1001.795 GC heap after
Heap after GC invocations=36 (full 4):
 PSYoungGen      total 439296K, used 6656K [0x00000000e0000000, 0x00000000fd480000, 0x0000000100000000)
  eden space 406016K, 0% used [0x00000000e0000000,0x00000000e0000000,0x00000000f8c80000)
  from space 33280K, 20% used [0x00000000fb400000,0x00000000fba80000,0x00000000fd480000)
  to   space 36864K, 0% used [0x00000000f8c80000,0x00000000f8c80000,0x00000000fb080000)
 ParOldGen       total 227328K, used 190390K [0x00000000a0000000, 0x00000000ade00000, 0x00000000e0000000)
  object space 227328K, 83% used [0x00000000a0000000,0x00000000ab9ed918,0x00000000ade00000)
 Metaspace       used 69432K, capacity 72132K, committed 72280K, reserved 1112064K
  class space    used 9130K, capacity 9796K, committed 9856K, reserved 1048576K
}
Event: 1016.667 GC heap before
{Heap before GC invocations=37 (full 4):
 PSYoungGen      total 439296K, used 412672K [0x00000000e0000000, 0x00000000fd480000, 0x0000000100000000)
  eden space 406016K, 100% used [0x00000000e0000000,0x00000000f8c80000,0x00000000f8c80000)
  from space 33280K, 20% used [0x00000000fb400000,0x00000000fba80000,0x00000000fd480000)
  to   space 36864K, 0% used [0x00000000f8c80000,0x00000000f8c80000,0x00000000fb080000)
 ParOldGen       total 227328K, used 190390K [0x00000000a0000000, 0x00000000ade00000, 0x00000000e0000000)
  object space 227328K, 83% used [0x00000000a0000000,0x00000000ab9ed918,0x00000000ade00000)
 Metaspace       used 69841K, capacity 72560K, committed 72792K, reserved 1112064K
  class space    used 9151K, capacity 9830K, committed 9856K, reserved 1048576K
Event: 1016.704 GC heap after
Heap after GC invocations=37 (full 4):
 PSYoungGen      total 442880K, used 5684K [0x00000000e0000000, 0x00000000ffd80000, 0x0000000100000000)
  eden space 406016K, 0% used [0x00000000e0000000,0x00000000e0000000,0x00000000f8c80000)
  from space 36864K, 15% used [0x00000000f8c80000,0x00000000f920d370,0x00000000fb080000)
  to   space 35328K, 0% used [0x00000000fdb00000,0x00000000fdb00000,0x00000000ffd80000)
 ParOldGen       total 227328K, used 197030K [0x00000000a0000000, 0x00000000ade00000, 0x00000000e0000000)
  object space 227328K, 86% used [0x00000000a0000000,0x00000000ac069918,0x00000000ade00000)
 Metaspace       used 69841K, capacity 72560K, committed 72792K, reserved 1112064K
  class space    used 9151K, capacity 9830K, committed 9856K, reserved 1048576K
}

