# JRE version: OpenJDK Runtime Environment (8.0_152-b02) (build 1.8.0_152-release-1024-b02)
# Java VM: OpenJDK 64-Bit Server VM (25.152-b02 mixed mode windows-amd64 compressed oops)
Heap:
 PSYoungGen      total 299008K, used 149403K [0x00000000e0000000, 0x00000000fac00000, 0x0000000100000000)
  eden space 162816K, 51% used [0x00000000e0000000,0x00000000e5203388,0x00000000e9f00000)
  from space 136192K, 48% used [0x00000000f2500000,0x00000000f64e3ba8,0x00000000faa00000)
  to   space 137216K, 0% used [0x00000000e9f00000,0x00000000e9f00000,0x00000000f2500000)
 ParOldGen       total 290304K, used 213191K [0x00000000a0000000, 0x00000000b1b80000, 0x00000000e0000000)
  object space 290304K, 73% used [0x00000000a0000000,0x00000000ad031eb0,0x00000000b1b80000)
 Metaspace       used 83932K, capacity 87102K, committed 87768K, reserved 1126400K
  class space    used 10599K, capacity 11274K, committed 11520K, reserved 1048576K
GC Heap History (10 events):
Event: 7150.654 GC heap before
{Heap before GC invocations=63 (full 5):
 PSYoungGen      total 265728K, used 57394K [0x00000000e0000000, 0x00000000f8e00000, 0x0000000100000000)
  eden space 138240K, 0% used [0x00000000e0000000,0x00000000e0000000,0x00000000e8700000)
  from space 127488K, 45% used [0x00000000f1180000,0x00000000f498cac8,0x00000000f8e00000)
  to   space 134656K, 0% used [0x00000000e8700000,0x00000000e8700000,0x00000000f0a80000)
 ParOldGen       total 183808K, used 183681K [0x00000000a0000000, 0x00000000ab380000, 0x00000000e0000000)
  object space 183808K, 99% used [0x00000000a0000000,0x00000000ab360730,0x00000000ab380000)
 Metaspace       used 83469K, capacity 87010K, committed 87256K, reserved 1124352K
  class space    used 10607K, capacity 11318K, committed 11520K, reserved 1048576K
Event: 7152.198 GC heap after
Heap after GC invocations=63 (full 5):
 PSYoungGen      total 265728K, used 14853K [0x00000000e0000000, 0x00000000f8e00000, 0x0000000100000000)
  eden space 138240K, 0% used [0x00000000e0000000,0x00000000e0000000,0x00000000e8700000)
  from space 127488K, 11% used [0x00000000f1180000,0x00000000f20017a8,0x00000000f8e00000)
  to   space 134656K, 0% used [0x00000000e8700000,0x00000000e8700000,0x00000000f0a80000)
 ParOldGen       total 290304K, used 183671K [0x00000000a0000000, 0x00000000b1b80000, 0x00000000e0000000)
  object space 290304K, 63% used [0x00000000a0000000,0x00000000ab35de70,0x00000000b1b80000)
 Metaspace       used 83176K, capacity 86280K, committed 87256K, reserved 1124352K
  class space    used 10503K, capacity 11139K, committed 11520K, reserved 1048576K
}
Event: 7152.360 GC heap before
{Heap before GC invocations=64 (full 5):
 PSYoungGen      total 265728K, used 153093K [0x00000000e0000000, 0x00000000f8e00000, 0x0000000100000000)
  eden space 138240K, 100% used [0x00000000e0000000,0x00000000e8700000,0x00000000e8700000)
  from space 127488K, 11% used [0x00000000f1180000,0x00000000f20017a8,0x00000000f8e00000)
  to   space 134656K, 0% used [0x00000000e8700000,0x00000000e8700000,0x00000000f0a80000)
 ParOldGen       total 290304K, used 183671K [0x00000000a0000000, 0x00000000b1b80000, 0x00000000e0000000)
  object space 290304K, 63% used [0x00000000a0000000,0x00000000ab35de70,0x00000000b1b80000)
 Metaspace       used 83176K, capacity 86280K, committed 87256K, reserved 1124352K
  class space    used 10503K, capacity 11139K, committed 11520K, reserved 1048576K
Event: 7152.447 GC heap after
Heap after GC invocations=64 (full 5):
 PSYoungGen      total 272896K, used 4508K [0x00000000e0000000, 0x00000000faa00000, 0x0000000100000000)
  eden space 138240K, 0% used [0x00000000e0000000,0x00000000e0000000,0x00000000e8700000)
  from space 134656K, 3% used [0x00000000e8700000,0x00000000e8b67050,0x00000000f0a80000)
  to   space 136192K, 0% used [0x00000000f2500000,0x00000000f2500000,0x00000000faa00000)
 ParOldGen       total 290304K, used 194159K [0x00000000a0000000, 0x00000000b1b80000, 0x00000000e0000000)
  object space 290304K, 66% used [0x00000000a0000000,0x00000000abd9be70,0x00000000b1b80000)
 Metaspace       used 83176K, capacity 86280K, committed 87256K, reserved 1124352K
  class space    used 10503K, capacity 11139K, committed 11520K, reserved 1048576K
}
Event: 7152.568 GC heap before
{Heap before GC invocations=65 (full 5):
 PSYoungGen      total 272896K, used 142748K [0x00000000e0000000, 0x00000000faa00000, 0x0000000100000000)
  eden space 138240K, 100% used [0x00000000e0000000,0x00000000e8700000,0x00000000e8700000)
  from space 134656K, 3% used [0x00000000e8700000,0x00000000e8b67050,0x00000000f0a80000)
  to   space 136192K, 0% used [0x00000000f2500000,0x00000000f2500000,0x00000000faa00000)
 ParOldGen       total 290304K, used 194159K [0x00000000a0000000, 0x00000000b1b80000, 0x00000000e0000000)
  object space 290304K, 66% used [0x00000000a0000000,0x00000000abd9be70,0x00000000b1b80000)
 Metaspace       used 83176K, capacity 86280K, committed 87256K, reserved 1124352K
  class space    used 10503K, capacity 11139K, committed 11520K, reserved 1048576K
Event: 7152.582 GC heap after
Heap after GC invocations=65 (full 5):
 PSYoungGen      total 299008K, used 64K [0x00000000e0000000, 0x00000000fac00000, 0x0000000100000000)
  eden space 162816K, 0% used [0x00000000e0000000,0x00000000e0000000,0x00000000e9f00000)
  from space 136192K, 0% used [0x00000000f2500000,0x00000000f2510000,0x00000000faa00000)
  to   space 137216K, 0% used [0x00000000e9f00000,0x00000000e9f00000,0x00000000f2500000)
 ParOldGen       total 290304K, used 198630K [0x00000000a0000000, 0x00000000b1b80000, 0x00000000e0000000)
  object space 290304K, 68% used [0x00000000a0000000,0x00000000ac1f9948,0x00000000b1b80000)
 Metaspace       used 83176K, capacity 86280K, committed 87256K, reserved 1124352K
  class space    used 10503K, capacity 11139K, committed 11520K, reserved 1048576K
}
Event: 7178.846 GC heap before
{Heap before GC invocations=66 (full 5):
 PSYoungGen      total 299008K, used 162852K [0x00000000e0000000, 0x00000000fac00000, 0x0000000100000000)
  eden space 162816K, 99% used [0x00000000e0000000,0x00000000e9ef9200,0x00000000e9f00000)
  from space 136192K, 0% used [0x00000000f2500000,0x00000000f2510000,0x00000000faa00000)
  to   space 137216K, 0% used [0x00000000e9f00000,0x00000000e9f00000,0x00000000f2500000)
 ParOldGen       total 290304K, used 198630K [0x00000000a0000000, 0x00000000b1b80000, 0x00000000e0000000)
  object space 290304K, 68% used [0x00000000a0000000,0x00000000ac1f9948,0x00000000b1b80000)
 Metaspace       used 83218K, capacity 86346K, committed 87256K, reserved 1124352K
  class space    used 10515K, capacity 11152K, committed 11520K, reserved 1048576K
Event: 7178.868 GC heap after
Heap after GC invocations=66 (full 5):
 PSYoungGen      total 300032K, used 14916K [0x00000000e0000000, 0x00000000fac00000, 0x0000000100000000)
  eden space 162816K, 0% used [0x00000000e0000000,0x00000000e0000000,0x00000000e9f00000)
  from space 137216K, 10% used [0x00000000e9f00000,0x00000000ead911a8,0x00000000f2500000)
  to   space 136192K, 0% used [0x00000000f2500000,0x00000000f2500000,0x00000000faa00000)
 ParOldGen       total 290304K, used 198662K [0x00000000a0000000, 0x00000000b1b80000, 0x00000000e0000000)
  object space 290304K, 68% used [0x00000000a0000000,0x00000000ac201948,0x00000000b1b80000)
 Metaspace       used 83218K, capacity 86346K, committed 87256K, reserved 1124352K
  class space    used 10515K, capacity 11152K, committed 11520K, reserved 1048576K
}
Event: 7182.786 GC heap before
{Heap before GC invocations=67 (full 5):
 PSYoungGen      total 300032K, used 177732K [0x00000000e0000000, 0x00000000fac00000, 0x0000000100000000)
  eden space 162816K, 100% used [0x00000000e0000000,0x00000000e9f00000,0x00000000e9f00000)
  from space 137216K, 10% used [0x00000000e9f00000,0x00000000ead911a8,0x00000000f2500000)
  to   space 136192K, 0% used [0x00000000f2500000,0x00000000f2500000,0x00000000faa00000)
 ParOldGen       total 290304K, used 198662K [0x00000000a0000000, 0x00000000b1b80000, 0x00000000e0000000)
  object space 290304K, 68% used [0x00000000a0000000,0x00000000ac201948,0x00000000b1b80000)
 Metaspace       used 83878K, capacity 87038K, committed 87768K, reserved 1126400K
  class space    used 10599K, capacity 11274K, committed 11520K, reserved 1048576K
Event: 7182.909 GC heap after
Heap after GC invocations=67 (full 5):
 PSYoungGen      total 299008K, used 65422K [0x00000000e0000000, 0x00000000fac00000, 0x0000000100000000)
  eden space 162816K, 0% used [0x00000000e0000000,0x00000000e0000000,0x00000000e9f00000)
  from space 136192K, 48% used [0x00000000f2500000,0x00000000f64e3ba8,0x00000000faa00000)
  to   space 137216K, 0% used [0x00000000e9f00000,0x00000000e9f00000,0x00000000f2500000)
 ParOldGen       total 290304K, used 213191K [0x00000000a0000000, 0x00000000b1b80000, 0x00000000e0000000)
  object space 290304K, 73% used [0x00000000a0000000,0x00000000ad031eb0,0x00000000b1b80000)
 Metaspace       used 83878K, capacity 87038K, committed 87768K, reserved 1126400K
  class space    used 10599K, capacity 11274K, committed 11520K, reserved 1048576K
}

