# JRE version: OpenJDK Runtime Environment (8.0_152-b02) (build 1.8.0_152-release-1024-b02)
# Java VM: OpenJDK 64-Bit Server VM (25.152-b02 mixed mode windows-amd64 compressed oops)
Heap:
 PSYoungGen      total 442368K, used 23278K [0x00000000e0000000, 0x0000000100000000, 0x0000000100000000)
  eden space 362496K, 6% used [0x00000000e0000000,0x00000000e15cb670,0x00000000f6200000)
  from space 79872K, 1% used [0x00000000fb200000,0x00000000fb2f0520,0x0000000100000000)
  to   space 80896K, 0% used [0x00000000f6200000,0x00000000f6200000,0x00000000fb100000)
 ParOldGen       total 260096K, used 168626K [0x00000000a0000000, 0x00000000afe00000, 0x00000000e0000000)
  object space 260096K, 64% used [0x00000000a0000000,0x00000000aa4acba8,0x00000000afe00000)
 Metaspace       used 92045K, capacity 95914K, committed 96088K, reserved 1132544K
  class space    used 11674K, capacity 12548K, committed 12632K, reserved 1048576K
GC Heap History (10 events):
Event: 1038.829 GC heap before
{Heap before GC invocations=106 (full 10):
 PSYoungGen      total 443904K, used 33657K [0x00000000e0000000, 0x00000000ff780000, 0x0000000100000000)
  eden space 374272K, 0% used [0x00000000e0000000,0x00000000e0000000,0x00000000f6d80000)
  from space 69632K, 48% used [0x00000000fb380000,0x00000000fd45e440,0x00000000ff780000)
  to   space 70656K, 0% used [0x00000000f6d80000,0x00000000f6d80000,0x00000000fb280000)
 ParOldGen       total 251904K, used 232397K [0x00000000a0000000, 0x00000000af600000, 0x00000000e0000000)
  object space 251904K, 92% used [0x00000000a0000000,0x00000000ae2f35a0,0x00000000af600000)
 Metaspace       used 88864K, capacity 92256K, committed 92504K, reserved 1130496K
  class space    used 11258K, capacity 12047K, committed 12120K, reserved 1048576K
Event: 1039.785 GC heap after
Heap after GC invocations=106 (full 10):
 PSYoungGen      total 443904K, used 0K [0x00000000e0000000, 0x00000000ff780000, 0x0000000100000000)
  eden space 374272K, 0% used [0x00000000e0000000,0x00000000e0000000,0x00000000f6d80000)
  from space 69632K, 0% used [0x00000000fb380000,0x00000000fb380000,0x00000000ff780000)
  to   space 70656K, 0% used [0x00000000f6d80000,0x00000000f6d80000,0x00000000fb280000)
 ParOldGen       total 260096K, used 162471K [0x00000000a0000000, 0x00000000afe00000, 0x00000000e0000000)
  object space 260096K, 62% used [0x00000000a0000000,0x00000000a9ea9ca8,0x00000000afe00000)
 Metaspace       used 88864K, capacity 92256K, committed 92504K, reserved 1130496K
  class space    used 11258K, capacity 12047K, committed 12120K, reserved 1048576K
}
Event: 1044.301 GC heap before
{Heap before GC invocations=107 (full 10):
 PSYoungGen      total 443904K, used 374272K [0x00000000e0000000, 0x00000000ff780000, 0x0000000100000000)
  eden space 374272K, 100% used [0x00000000e0000000,0x00000000f6d80000,0x00000000f6d80000)
  from space 69632K, 0% used [0x00000000fb380000,0x00000000fb380000,0x00000000ff780000)
  to   space 70656K, 0% used [0x00000000f6d80000,0x00000000f6d80000,0x00000000fb280000)
 ParOldGen       total 260096K, used 162471K [0x00000000a0000000, 0x00000000afe00000, 0x00000000e0000000)
  object space 260096K, 62% used [0x00000000a0000000,0x00000000a9ea9ca8,0x00000000afe00000)
 Metaspace       used 90092K, capacity 93740K, committed 93912K, reserved 1130496K
  class space    used 11385K, capacity 12221K, committed 12248K, reserved 1048576K
Event: 1044.496 GC heap after
Heap after GC invocations=107 (full 10):
 PSYoungGen      total 444928K, used 67410K [0x00000000e0000000, 0x0000000100000000, 0x0000000100000000)
  eden space 374272K, 0% used [0x00000000e0000000,0x00000000e0000000,0x00000000f6d80000)
  from space 70656K, 95% used [0x00000000f6d80000,0x00000000faf549f0,0x00000000fb280000)
  to   space 78848K, 0% used [0x00000000fb300000,0x00000000fb300000,0x0000000100000000)
 ParOldGen       total 260096K, used 162471K [0x00000000a0000000, 0x00000000afe00000, 0x00000000e0000000)
  object space 260096K, 62% used [0x00000000a0000000,0x00000000a9ea9ca8,0x00000000afe00000)
 Metaspace       used 90092K, capacity 93740K, committed 93912K, reserved 1130496K
  class space    used 11385K, capacity 12221K, committed 12248K, reserved 1048576K
}
Event: 1054.611 GC heap before
{Heap before GC invocations=108 (full 10):
 PSYoungGen      total 444928K, used 441572K [0x00000000e0000000, 0x0000000100000000, 0x0000000100000000)
  eden space 374272K, 99% used [0x00000000e0000000,0x00000000f6d64640,0x00000000f6d80000)
  from space 70656K, 95% used [0x00000000f6d80000,0x00000000faf549f0,0x00000000fb280000)
  to   space 78848K, 0% used [0x00000000fb300000,0x00000000fb300000,0x0000000100000000)
 ParOldGen       total 260096K, used 162471K [0x00000000a0000000, 0x00000000afe00000, 0x00000000e0000000)
  object space 260096K, 62% used [0x00000000a0000000,0x00000000a9ea9ca8,0x00000000afe00000)
 Metaspace       used 91248K, capacity 95016K, committed 95064K, reserved 1132544K
  class space    used 11543K, capacity 12369K, committed 12376K, reserved 1048576K
Event: 1054.627 GC heap after
Heap after GC invocations=108 (full 10):
 PSYoungGen      total 443392K, used 9268K [0x00000000e0000000, 0x0000000100000000, 0x0000000100000000)
  eden space 364544K, 0% used [0x00000000e0000000,0x00000000e0000000,0x00000000f6400000)
  from space 78848K, 11% used [0x00000000fb300000,0x00000000fbc0d288,0x0000000100000000)
  to   space 79872K, 0% used [0x00000000f6400000,0x00000000f6400000,0x00000000fb200000)
 ParOldGen       total 260096K, used 168618K [0x00000000a0000000, 0x00000000afe00000, 0x00000000e0000000)
  object space 260096K, 64% used [0x00000000a0000000,0x00000000aa4aaba8,0x00000000afe00000)
 Metaspace       used 91248K, capacity 95016K, committed 95064K, reserved 1132544K
  class space    used 11543K, capacity 12369K, committed 12376K, reserved 1048576K
}
Event: 1055.758 GC heap before
{Heap before GC invocations=109 (full 10):
 PSYoungGen      total 443392K, used 373465K [0x00000000e0000000, 0x0000000100000000, 0x0000000100000000)
  eden space 364544K, 99% used [0x00000000e0000000,0x00000000f63a94d0,0x00000000f6400000)
  from space 78848K, 11% used [0x00000000fb300000,0x00000000fbc0d288,0x0000000100000000)
  to   space 79872K, 0% used [0x00000000f6400000,0x00000000f6400000,0x00000000fb200000)
 ParOldGen       total 260096K, used 168618K [0x00000000a0000000, 0x00000000afe00000, 0x00000000e0000000)
  object space 260096K, 64% used [0x00000000a0000000,0x00000000aa4aaba8,0x00000000afe00000)
 Metaspace       used 91378K, capacity 95138K, committed 95448K, reserved 1132544K
  class space    used 11560K, capacity 12410K, committed 12504K, reserved 1048576K
Event: 1055.765 GC heap after
Heap after GC invocations=109 (full 10):
 PSYoungGen      total 444416K, used 11820K [0x00000000e0000000, 0x0000000100000000, 0x0000000100000000)
  eden space 364544K, 0% used [0x00000000e0000000,0x00000000e0000000,0x00000000f6400000)
  from space 79872K, 14% used [0x00000000f6400000,0x00000000f6f8b0a0,0x00000000fb200000)
  to   space 79872K, 0% used [0x00000000fb200000,0x00000000fb200000,0x0000000100000000)
 ParOldGen       total 260096K, used 168626K [0x00000000a0000000, 0x00000000afe00000, 0x00000000e0000000)
  object space 260096K, 64% used [0x00000000a0000000,0x00000000aa4acba8,0x00000000afe00000)
 Metaspace       used 91378K, capacity 95138K, committed 95448K, reserved 1132544K
  class space    used 11560K, capacity 12410K, committed 12504K, reserved 1048576K
}
Event: 1057.915 GC heap before
{Heap before GC invocations=110 (full 10):
 PSYoungGen      total 444416K, used 376364K [0x00000000e0000000, 0x0000000100000000, 0x0000000100000000)
  eden space 364544K, 100% used [0x00000000e0000000,0x00000000f6400000,0x00000000f6400000)
  from space 79872K, 14% used [0x00000000f6400000,0x00000000f6f8b0a0,0x00000000fb200000)
  to   space 79872K, 0% used [0x00000000fb200000,0x00000000fb200000,0x0000000100000000)
 ParOldGen       total 260096K, used 168626K [0x00000000a0000000, 0x00000000afe00000, 0x00000000e0000000)
  object space 260096K, 64% used [0x00000000a0000000,0x00000000aa4acba8,0x00000000afe00000)
 Metaspace       used 91669K, capacity 95510K, committed 95704K, reserved 1132544K
  class space    used 11623K, capacity 12486K, committed 12504K, reserved 1048576K
Event: 1057.921 GC heap after
Heap after GC invocations=110 (full 10):
 PSYoungGen      total 442368K, used 961K [0x00000000e0000000, 0x0000000100000000, 0x0000000100000000)
  eden space 362496K, 0% used [0x00000000e0000000,0x00000000e0000000,0x00000000f6200000)
  from space 79872K, 1% used [0x00000000fb200000,0x00000000fb2f0520,0x0000000100000000)
  to   space 80896K, 0% used [0x00000000f6200000,0x00000000f6200000,0x00000000fb100000)
 ParOldGen       total 260096K, used 168626K [0x00000000a0000000, 0x00000000afe00000, 0x00000000e0000000)
  object space 260096K, 64% used [0x00000000a0000000,0x00000000aa4acba8,0x00000000afe00000)
 Metaspace       used 91669K, capacity 95510K, committed 95704K, reserved 1132544K
  class space    used 11623K, capacity 12486K, committed 12504K, reserved 1048576K
}

