# JRE version: OpenJDK Runtime Environment (8.0_152-b02) (build 1.8.0_152-release-1024-b02)
# Java VM: OpenJDK 64-Bit Server VM (25.152-b02 mixed mode windows-amd64 compressed oops)
Heap:
 PSYoungGen      total 62464K, used 16700K [0x00000000e0000000, 0x00000000e5280000, 0x0000000100000000)
  eden space 43520K, 15% used [0x00000000e0000000,0x00000000e068e218,0x00000000e2a80000)
  from space 18944K, 52% used [0x00000000e2a80000,0x00000000e3440fc0,0x00000000e3d00000)
  to   space 18944K, 0% used [0x00000000e4000000,0x00000000e4000000,0x00000000e5280000)
 ParOldGen       total 142336K, used 100454K [0x00000000a0000000, 0x00000000a8b00000, 0x00000000e0000000)
  object space 142336K, 70% used [0x00000000a0000000,0x00000000a6219920,0x00000000a8b00000)
 Metaspace       used 67676K, capacity 69722K, committed 70016K, reserved 1110016K
  class space    used 8770K, capacity 9260K, committed 9344K, reserved 1048576K
GC Heap History (10 events):
Event: 523.504 GC heap before
{Heap before GC invocations=77 (full 5):
 PSYoungGen      total 54272K, used 50321K [0x00000000e0000000, 0x00000000e4e80000, 0x0000000100000000)
  eden space 35840K, 100% used [0x00000000e0000000,0x00000000e2300000,0x00000000e2300000)
  from space 18432K, 78% used [0x00000000e2300000,0x00000000e3124700,0x00000000e3500000)
  to   space 19968K, 0% used [0x00000000e3b00000,0x00000000e3b00000,0x00000000e4e80000)
 ParOldGen       total 97792K, used 84548K [0x00000000a0000000, 0x00000000a5f80000, 0x00000000e0000000)
  object space 97792K, 86% used [0x00000000a0000000,0x00000000a52910a8,0x00000000a5f80000)
 Metaspace       used 66686K, capacity 68654K, committed 68992K, reserved 1110016K
  class space    used 8734K, capacity 9226K, committed 9344K, reserved 1048576K
Event: 523.529 GC heap after
Heap after GC invocations=77 (full 5):
 PSYoungGen      total 60416K, used 2849K [0x00000000e0000000, 0x00000000e4e80000, 0x0000000100000000)
  eden space 40448K, 0% used [0x00000000e0000000,0x00000000e0000000,0x00000000e2780000)
  from space 19968K, 14% used [0x00000000e3b00000,0x00000000e3dc8488,0x00000000e4e80000)
  to   space 19968K, 0% used [0x00000000e2780000,0x00000000e2780000,0x00000000e3b00000)
 ParOldGen       total 99328K, used 98939K [0x00000000a0000000, 0x00000000a6100000, 0x00000000e0000000)
  object space 99328K, 99% used [0x00000000a0000000,0x00000000a609ed78,0x00000000a6100000)
 Metaspace       used 66686K, capacity 68654K, committed 68992K, reserved 1110016K
  class space    used 8734K, capacity 9226K, committed 9344K, reserved 1048576K
}
Event: 523.529 GC heap before
{Heap before GC invocations=78 (full 6):
 PSYoungGen      total 60416K, used 2849K [0x00000000e0000000, 0x00000000e4e80000, 0x0000000100000000)
  eden space 40448K, 0% used [0x00000000e0000000,0x00000000e0000000,0x00000000e2780000)
  from space 19968K, 14% used [0x00000000e3b00000,0x00000000e3dc8488,0x00000000e4e80000)
  to   space 19968K, 0% used [0x00000000e2780000,0x00000000e2780000,0x00000000e3b00000)
 ParOldGen       total 99328K, used 98939K [0x00000000a0000000, 0x00000000a6100000, 0x00000000e0000000)
  object space 99328K, 99% used [0x00000000a0000000,0x00000000a609ed78,0x00000000a6100000)
 Metaspace       used 66686K, capacity 68654K, committed 68992K, reserved 1110016K
  class space    used 8734K, capacity 9226K, committed 9344K, reserved 1048576K
Event: 524.585 GC heap after
Heap after GC invocations=78 (full 6):
 PSYoungGen      total 60416K, used 1264K [0x00000000e0000000, 0x00000000e4e80000, 0x0000000100000000)
  eden space 40448K, 0% used [0x00000000e0000000,0x00000000e0000000,0x00000000e2780000)
  from space 19968K, 6% used [0x00000000e3b00000,0x00000000e3c3c308,0x00000000e4e80000)
  to   space 19968K, 0% used [0x00000000e2780000,0x00000000e2780000,0x00000000e3b00000)
 ParOldGen       total 142336K, used 99214K [0x00000000a0000000, 0x00000000a8b00000, 0x00000000e0000000)
  object space 142336K, 69% used [0x00000000a0000000,0x00000000a60e3920,0x00000000a8b00000)
 Metaspace       used 66686K, capacity 68654K, committed 68992K, reserved 1110016K
  class space    used 8734K, capacity 9226K, committed 9344K, reserved 1048576K
}
Event: 528.704 GC heap before
{Heap before GC invocations=79 (full 6):
 PSYoungGen      total 60416K, used 41712K [0x00000000e0000000, 0x00000000e4e80000, 0x0000000100000000)
  eden space 40448K, 100% used [0x00000000e0000000,0x00000000e2780000,0x00000000e2780000)
  from space 19968K, 6% used [0x00000000e3b00000,0x00000000e3c3c308,0x00000000e4e80000)
  to   space 19968K, 0% used [0x00000000e2780000,0x00000000e2780000,0x00000000e3b00000)
 ParOldGen       total 142336K, used 99214K [0x00000000a0000000, 0x00000000a8b00000, 0x00000000e0000000)
  object space 142336K, 69% used [0x00000000a0000000,0x00000000a60e3920,0x00000000a8b00000)
 Metaspace       used 67199K, capacity 69166K, committed 69504K, reserved 1110016K
  class space    used 8753K, capacity 9226K, committed 9344K, reserved 1048576K
Event: 528.735 GC heap after
Heap after GC invocations=79 (full 6):
 PSYoungGen      total 60416K, used 1939K [0x00000000e0000000, 0x00000000e5100000, 0x0000000100000000)
  eden space 40448K, 0% used [0x00000000e0000000,0x00000000e0000000,0x00000000e2780000)
  from space 19968K, 9% used [0x00000000e2780000,0x00000000e2964fb0,0x00000000e3b00000)
  to   space 19456K, 0% used [0x00000000e3e00000,0x00000000e3e00000,0x00000000e5100000)
 ParOldGen       total 142336K, used 100438K [0x00000000a0000000, 0x00000000a8b00000, 0x00000000e0000000)
  object space 142336K, 70% used [0x00000000a0000000,0x00000000a6215920,0x00000000a8b00000)
 Metaspace       used 67199K, capacity 69166K, committed 69504K, reserved 1110016K
  class space    used 8753K, capacity 9226K, committed 9344K, reserved 1048576K
}
Event: 534.392 GC heap before
{Heap before GC invocations=80 (full 6):
 PSYoungGen      total 60416K, used 42387K [0x00000000e0000000, 0x00000000e5100000, 0x0000000100000000)
  eden space 40448K, 100% used [0x00000000e0000000,0x00000000e2780000,0x00000000e2780000)
  from space 19968K, 9% used [0x00000000e2780000,0x00000000e2964fb0,0x00000000e3b00000)
  to   space 19456K, 0% used [0x00000000e3e00000,0x00000000e3e00000,0x00000000e5100000)
 ParOldGen       total 142336K, used 100438K [0x00000000a0000000, 0x00000000a8b00000, 0x00000000e0000000)
  object space 142336K, 70% used [0x00000000a0000000,0x00000000a6215920,0x00000000a8b00000)
 Metaspace       used 67381K, capacity 69358K, committed 69504K, reserved 1110016K
  class space    used 8753K, capacity 9226K, committed 9344K, reserved 1048576K
Event: 534.412 GC heap after
Heap after GC invocations=80 (full 6):
 PSYoungGen      total 61440K, used 4016K [0x00000000e0000000, 0x00000000e4f80000, 0x0000000100000000)
  eden space 43520K, 0% used [0x00000000e0000000,0x00000000e0000000,0x00000000e2a80000)
  from space 17920K, 22% used [0x00000000e3e00000,0x00000000e41ec200,0x00000000e4f80000)
  to   space 18944K, 0% used [0x00000000e2a80000,0x00000000e2a80000,0x00000000e3d00000)
 ParOldGen       total 142336K, used 100446K [0x00000000a0000000, 0x00000000a8b00000, 0x00000000e0000000)
  object space 142336K, 70% used [0x00000000a0000000,0x00000000a6217920,0x00000000a8b00000)
 Metaspace       used 67381K, capacity 69358K, committed 69504K, reserved 1110016K
  class space    used 8753K, capacity 9226K, committed 9344K, reserved 1048576K
}
Event: 543.668 GC heap before
{Heap before GC invocations=81 (full 6):
 PSYoungGen      total 61440K, used 47536K [0x00000000e0000000, 0x00000000e4f80000, 0x0000000100000000)
  eden space 43520K, 100% used [0x00000000e0000000,0x00000000e2a80000,0x00000000e2a80000)
  from space 17920K, 22% used [0x00000000e3e00000,0x00000000e41ec200,0x00000000e4f80000)
  to   space 18944K, 0% used [0x00000000e2a80000,0x00000000e2a80000,0x00000000e3d00000)
 ParOldGen       total 142336K, used 100446K [0x00000000a0000000, 0x00000000a8b00000, 0x00000000e0000000)
  object space 142336K, 70% used [0x00000000a0000000,0x00000000a6217920,0x00000000a8b00000)
 Metaspace       used 67667K, capacity 69718K, committed 70016K, reserved 1110016K
  class space    used 8769K, capacity 9260K, committed 9344K, reserved 1048576K
Event: 543.712 GC heap after
Heap after GC invocations=81 (full 6):
 PSYoungGen      total 62464K, used 9987K [0x00000000e0000000, 0x00000000e5280000, 0x0000000100000000)
  eden space 43520K, 0% used [0x00000000e0000000,0x00000000e0000000,0x00000000e2a80000)
  from space 18944K, 52% used [0x00000000e2a80000,0x00000000e3440fc0,0x00000000e3d00000)
  to   space 18944K, 0% used [0x00000000e4000000,0x00000000e4000000,0x00000000e5280000)
 ParOldGen       total 142336K, used 100454K [0x00000000a0000000, 0x00000000a8b00000, 0x00000000e0000000)
  object space 142336K, 70% used [0x00000000a0000000,0x00000000a6219920,0x00000000a8b00000)
 Metaspace       used 67667K, capacity 69718K, committed 70016K, reserved 1110016K
  class space    used 8769K, capacity 9260K, committed 9344K, reserved 1048576K
}

