# JRE version: OpenJDK Runtime Environment (8.0_152-b02) (build 1.8.0_152-release-1024-b02)
# Java VM: OpenJDK 64-Bit Server VM (25.152-b02 mixed mode windows-amd64 compressed oops)
Heap:
 PSYoungGen      total 247808K, used 191537K [0x00000000e0000000, 0x00000000f4e80000, 0x0000000100000000)
  eden space 189440K, 99% used [0x00000000e0000000,0x00000000eb77c4a0,0x00000000eb900000)
  from space 58368K, 6% used [0x00000000eb900000,0x00000000ebc90000,0x00000000ef200000)
  to   space 57344K, 0% used [0x00000000f1680000,0x00000000f1680000,0x00000000f4e80000)
 ParOldGen       total 209408K, used 150885K [0x00000000a0000000, 0x00000000acc80000, 0x00000000e0000000)
  object space 209408K, 72% used [0x00000000a0000000,0x00000000a93595e8,0x00000000acc80000)
 Metaspace       used 74462K, capacity 76686K, committed 78552K, reserved 1118208K
  class space    used 9509K, capacity 10074K, committed 10496K, reserved 1048576K
GC Heap History (10 events):
Event: 1751.273 GC heap before
{Heap before GC invocations=29 (full 4):
 PSYoungGen      total 182272K, used 166816K [0x00000000e0000000, 0x00000000ef980000, 0x0000000100000000)
  eden space 132608K, 100% used [0x00000000e0000000,0x00000000e8180000,0x00000000e8180000)
  from space 49664K, 68% used [0x00000000eb480000,0x00000000ed5e8000,0x00000000ee500000)
  to   space 52224K, 0% used [0x00000000e8180000,0x00000000e8180000,0x00000000eb480000)
 ParOldGen       total 209408K, used 109540K [0x00000000a0000000, 0x00000000acc80000, 0x00000000e0000000)
  object space 209408K, 52% used [0x00000000a0000000,0x00000000a6af92f8,0x00000000acc80000)
 Metaspace       used 72902K, capacity 75150K, committed 77144K, reserved 1116160K
  class space    used 9321K, capacity 9882K, committed 10368K, reserved 1048576K
Event: 1751.354 GC heap after
Heap after GC invocations=29 (full 4):
 PSYoungGen      total 184832K, used 52208K [0x00000000e0000000, 0x00000000f0f00000, 0x0000000100000000)
  eden space 132608K, 0% used [0x00000000e0000000,0x00000000e0000000,0x00000000e8180000)
  from space 52224K, 99% used [0x00000000e8180000,0x00000000eb47c010,0x00000000eb480000)
  to   space 60928K, 0% used [0x00000000ed380000,0x00000000ed380000,0x00000000f0f00000)
 ParOldGen       total 209408K, used 109649K [0x00000000a0000000, 0x00000000acc80000, 0x00000000e0000000)
  object space 209408K, 52% used [0x00000000a0000000,0x00000000a6b146b8,0x00000000acc80000)
 Metaspace       used 72902K, capacity 75150K, committed 77144K, reserved 1116160K
  class space    used 9321K, capacity 9882K, committed 10368K, reserved 1048576K
}
Event: 1753.294 GC heap before
{Heap before GC invocations=30 (full 4):
 PSYoungGen      total 184832K, used 184816K [0x00000000e0000000, 0x00000000f0f00000, 0x0000000100000000)
  eden space 132608K, 100% used [0x00000000e0000000,0x00000000e8180000,0x00000000e8180000)
  from space 52224K, 99% used [0x00000000e8180000,0x00000000eb47c010,0x00000000eb480000)
  to   space 60928K, 0% used [0x00000000ed380000,0x00000000ed380000,0x00000000f0f00000)
 ParOldGen       total 209408K, used 109649K [0x00000000a0000000, 0x00000000acc80000, 0x00000000e0000000)
  object space 209408K, 52% used [0x00000000a0000000,0x00000000a6b146b8,0x00000000acc80000)
 Metaspace       used 73121K, capacity 75374K, committed 77144K, reserved 1116160K
  class space    used 9355K, capacity 9914K, committed 10368K, reserved 1048576K
Event: 1753.390 GC heap after
Heap after GC invocations=30 (full 4):
 PSYoungGen      total 218112K, used 11381K [0x00000000e0000000, 0x00000000f1100000, 0x0000000100000000)
  eden space 157184K, 0% used [0x00000000e0000000,0x00000000e0000000,0x00000000e9980000)
  from space 60928K, 18% used [0x00000000ed380000,0x00000000ede9d508,0x00000000f0f00000)
  to   space 59392K, 0% used [0x00000000e9980000,0x00000000e9980000,0x00000000ed380000)
 ParOldGen       total 209408K, used 137817K [0x00000000a0000000, 0x00000000acc80000, 0x00000000e0000000)
  object space 209408K, 65% used [0x00000000a0000000,0x00000000a8696578,0x00000000acc80000)
 Metaspace       used 73121K, capacity 75374K, committed 77144K, reserved 1116160K
  class space    used 9355K, capacity 9914K, committed 10368K, reserved 1048576K
}
Event: 1756.010 GC heap before
{Heap before GC invocations=31 (full 4):
 PSYoungGen      total 218112K, used 168565K [0x00000000e0000000, 0x00000000f1100000, 0x0000000100000000)
  eden space 157184K, 100% used [0x00000000e0000000,0x00000000e9980000,0x00000000e9980000)
  from space 60928K, 18% used [0x00000000ed380000,0x00000000ede9d508,0x00000000f0f00000)
  to   space 59392K, 0% used [0x00000000e9980000,0x00000000e9980000,0x00000000ed380000)
 ParOldGen       total 209408K, used 137817K [0x00000000a0000000, 0x00000000acc80000, 0x00000000e0000000)
  object space 209408K, 65% used [0x00000000a0000000,0x00000000a8696578,0x00000000acc80000)
 Metaspace       used 73573K, capacity 75822K, committed 77656K, reserved 1116160K
  class space    used 9419K, capacity 9978K, committed 10368K, reserved 1048576K
Event: 1756.060 GC heap after
Heap after GC invocations=31 (full 4):
 PSYoungGen      total 216576K, used 2784K [0x00000000e0000000, 0x00000000f2d00000, 0x0000000100000000)
  eden space 157184K, 0% used [0x00000000e0000000,0x00000000e0000000,0x00000000e9980000)
  from space 59392K, 4% used [0x00000000e9980000,0x00000000e9c38158,0x00000000ed380000)
  to   space 58880K, 0% used [0x00000000ef380000,0x00000000ef380000,0x00000000f2d00000)
 ParOldGen       total 209408K, used 147845K [0x00000000a0000000, 0x00000000acc80000, 0x00000000e0000000)
  object space 209408K, 70% used [0x00000000a0000000,0x00000000a90615d8,0x00000000acc80000)
 Metaspace       used 73573K, capacity 75822K, committed 77656K, reserved 1116160K
  class space    used 9419K, capacity 9978K, committed 10368K, reserved 1048576K
}
Event: 1757.616 GC heap before
{Heap before GC invocations=32 (full 4):
 PSYoungGen      total 216576K, used 159968K [0x00000000e0000000, 0x00000000f2d00000, 0x0000000100000000)
  eden space 157184K, 100% used [0x00000000e0000000,0x00000000e9980000,0x00000000e9980000)
  from space 59392K, 4% used [0x00000000e9980000,0x00000000e9c38158,0x00000000ed380000)
  to   space 58880K, 0% used [0x00000000ef380000,0x00000000ef380000,0x00000000f2d00000)
 ParOldGen       total 209408K, used 147845K [0x00000000a0000000, 0x00000000acc80000, 0x00000000e0000000)
  object space 209408K, 70% used [0x00000000a0000000,0x00000000a90615d8,0x00000000acc80000)
 Metaspace       used 73763K, capacity 75982K, committed 77656K, reserved 1116160K
  class space    used 9444K, capacity 10010K, committed 10368K, reserved 1048576K
Event: 1757.635 GC heap after
Heap after GC invocations=32 (full 4):
 PSYoungGen      total 246272K, used 1056K [0x00000000e0000000, 0x00000000f2b00000, 0x0000000100000000)
  eden space 189440K, 0% used [0x00000000e0000000,0x00000000e0000000,0x00000000eb900000)
  from space 56832K, 1% used [0x00000000ef380000,0x00000000ef488000,0x00000000f2b00000)
  to   space 58368K, 0% used [0x00000000eb900000,0x00000000eb900000,0x00000000ef200000)
 ParOldGen       total 209408K, used 150013K [0x00000000a0000000, 0x00000000acc80000, 0x00000000e0000000)
  object space 209408K, 71% used [0x00000000a0000000,0x00000000a927f5d8,0x00000000acc80000)
 Metaspace       used 73763K, capacity 75982K, committed 77656K, reserved 1116160K
  class space    used 9444K, capacity 10010K, committed 10368K, reserved 1048576K
}
Event: 1758.902 GC heap before
{Heap before GC invocations=33 (full 4):
 PSYoungGen      total 246272K, used 190496K [0x00000000e0000000, 0x00000000f2b00000, 0x0000000100000000)
  eden space 189440K, 100% used [0x00000000e0000000,0x00000000eb900000,0x00000000eb900000)
  from space 56832K, 1% used [0x00000000ef380000,0x00000000ef488000,0x00000000f2b00000)
  to   space 58368K, 0% used [0x00000000eb900000,0x00000000eb900000,0x00000000ef200000)
 ParOldGen       total 209408K, used 150013K [0x00000000a0000000, 0x00000000acc80000, 0x00000000e0000000)
  object space 209408K, 71% used [0x00000000a0000000,0x00000000a927f5d8,0x00000000acc80000)
 Metaspace       used 73832K, capacity 76046K, committed 77912K, reserved 1116160K
  class space    used 9451K, capacity 10010K, committed 10368K, reserved 1048576K
Event: 1758.926 GC heap after
Heap after GC invocations=33 (full 4):
 PSYoungGen      total 247808K, used 3648K [0x00000000e0000000, 0x00000000f4e80000, 0x0000000100000000)
  eden space 189440K, 0% used [0x00000000e0000000,0x00000000e0000000,0x00000000eb900000)
  from space 58368K, 6% used [0x00000000eb900000,0x00000000ebc90000,0x00000000ef200000)
  to   space 57344K, 0% used [0x00000000f1680000,0x00000000f1680000,0x00000000f4e80000)
 ParOldGen       total 209408K, used 150885K [0x00000000a0000000, 0x00000000acc80000, 0x00000000e0000000)
  object space 209408K, 72% used [0x00000000a0000000,0x00000000a93595e8,0x00000000acc80000)
 Metaspace       used 73832K, capacity 76046K, committed 77912K, reserved 1116160K
  class space    used 9451K, capacity 10010K, committed 10368K, reserved 1048576K
}

