# JRE version: OpenJDK Runtime Environment (8.0_152-b02) (build 1.8.0_152-release-1024-b02)
# Java VM: OpenJDK 64-Bit Server VM (25.152-b02 mixed mode windows-amd64 compressed oops)
Heap:
 PSYoungGen      total 153600K, used 146764K [0x00000000e0000000, 0x00000000ec780000, 0x0000000100000000)
  eden space 120320K, 94% used [0x00000000e0000000,0x00000000e6efc6a0,0x00000000e7580000)
  from space 33280K, 99% used [0x00000000e8480000,0x00000000ea4d6be0,0x00000000ea500000)
  to   space 35328K, 0% used [0x00000000ea500000,0x00000000ea500000,0x00000000ec780000)
 ParOldGen       total 95744K, used 47552K [0x00000000a0000000, 0x00000000a5d80000, 0x00000000e0000000)
  object space 95744K, 49% used [0x00000000a0000000,0x00000000a2e70010,0x00000000a5d80000)
 Metaspace       used 69304K, capacity 72150K, committed 72320K, reserved 1112064K
  class space    used 9091K, capacity 9823K, committed 9856K, reserved 1048576K
GC Heap History (10 events):
Event: 131.376 GC heap before
{Heap before GC invocations=22 (full 3):
 PSYoungGen      total 133120K, used 121912K [0x00000000e0000000, 0x00000000e9680000, 0x0000000100000000)
  eden space 111616K, 100% used [0x00000000e0000000,0x00000000e6d00000,0x00000000e6d00000)
  from space 21504K, 47% used [0x00000000e8180000,0x00000000e8b8e0c8,0x00000000e9680000)
  to   space 20992K, 0% used [0x00000000e6d00000,0x00000000e6d00000,0x00000000e8180000)
 ParOldGen       total 95744K, used 37848K [0x00000000a0000000, 0x00000000a5d80000, 0x00000000e0000000)
  object space 95744K, 39% used [0x00000000a0000000,0x00000000a24f6378,0x00000000a5d80000)
 Metaspace       used 60742K, capacity 62762K, committed 62976K, reserved 1103872K
  class space    used 8284K, capacity 8833K, committed 8960K, reserved 1048576K
Event: 131.408 GC heap after
Heap after GC invocations=22 (full 3):
 PSYoungGen      total 132608K, used 18036K [0x00000000e0000000, 0x00000000eae00000, 0x0000000100000000)
  eden space 111616K, 0% used [0x00000000e0000000,0x00000000e0000000,0x00000000e6d00000)
  from space 20992K, 85% used [0x00000000e6d00000,0x00000000e7e9d3b0,0x00000000e8180000)
  to   space 23040K, 0% used [0x00000000e9780000,0x00000000e9780000,0x00000000eae00000)
 ParOldGen       total 95744K, used 37856K [0x00000000a0000000, 0x00000000a5d80000, 0x00000000e0000000)
  object space 95744K, 39% used [0x00000000a0000000,0x00000000a24f8378,0x00000000a5d80000)
 Metaspace       used 60742K, capacity 62762K, committed 62976K, reserved 1103872K
  class space    used 8284K, capacity 8833K, committed 8960K, reserved 1048576K
}
Event: 146.050 GC heap before
{Heap before GC invocations=23 (full 3):
 PSYoungGen      total 132608K, used 129652K [0x00000000e0000000, 0x00000000eae00000, 0x0000000100000000)
  eden space 111616K, 100% used [0x00000000e0000000,0x00000000e6d00000,0x00000000e6d00000)
  from space 20992K, 85% used [0x00000000e6d00000,0x00000000e7e9d3b0,0x00000000e8180000)
  to   space 23040K, 0% used [0x00000000e9780000,0x00000000e9780000,0x00000000eae00000)
 ParOldGen       total 95744K, used 37856K [0x00000000a0000000, 0x00000000a5d80000, 0x00000000e0000000)
  object space 95744K, 39% used [0x00000000a0000000,0x00000000a24f8378,0x00000000a5d80000)
 Metaspace       used 64691K, capacity 67146K, committed 67328K, reserved 1107968K
  class space    used 8676K, capacity 9345K, committed 9472K, reserved 1048576K
Event: 146.098 GC heap after
Heap after GC invocations=23 (full 3):
 PSYoungGen      total 151552K, used 23035K [0x00000000e0000000, 0x00000000eb300000, 0x0000000100000000)
  eden space 128512K, 0% used [0x00000000e0000000,0x00000000e0000000,0x00000000e7d80000)
  from space 23040K, 99% used [0x00000000e9780000,0x00000000eadfed40,0x00000000eae00000)
  to   space 26624K, 0% used [0x00000000e7d80000,0x00000000e7d80000,0x00000000e9780000)
 ParOldGen       total 95744K, used 38843K [0x00000000a0000000, 0x00000000a5d80000, 0x00000000e0000000)
  object space 95744K, 40% used [0x00000000a0000000,0x00000000a25eefa8,0x00000000a5d80000)
 Metaspace       used 64691K, capacity 67146K, committed 67328K, reserved 1107968K
  class space    used 8676K, capacity 9345K, committed 9472K, reserved 1048576K
}
Event: 217.736 GC heap before
{Heap before GC invocations=24 (full 3):
 PSYoungGen      total 151552K, used 151547K [0x00000000e0000000, 0x00000000eb300000, 0x0000000100000000)
  eden space 128512K, 100% used [0x00000000e0000000,0x00000000e7d80000,0x00000000e7d80000)
  from space 23040K, 99% used [0x00000000e9780000,0x00000000eadfed40,0x00000000eae00000)
  to   space 26624K, 0% used [0x00000000e7d80000,0x00000000e7d80000,0x00000000e9780000)
 ParOldGen       total 95744K, used 38843K [0x00000000a0000000, 0x00000000a5d80000, 0x00000000e0000000)
  object space 95744K, 40% used [0x00000000a0000000,0x00000000a25eefa8,0x00000000a5d80000)
 Metaspace       used 67003K, capacity 69542K, committed 69760K, reserved 1110016K
  class space    used 8917K, capacity 9583K, committed 9600K, reserved 1048576K
Event: 217.786 GC heap after
Heap after GC invocations=24 (full 3):
 PSYoungGen      total 155136K, used 26610K [0x00000000e0000000, 0x00000000ed180000, 0x0000000100000000)
  eden space 128512K, 0% used [0x00000000e0000000,0x00000000e0000000,0x00000000e7d80000)
  from space 26624K, 99% used [0x00000000e7d80000,0x00000000e977c9f0,0x00000000e9780000)
  to   space 33792K, 0% used [0x00000000eb080000,0x00000000eb080000,0x00000000ed180000)
 ParOldGen       total 95744K, used 47536K [0x00000000a0000000, 0x00000000a5d80000, 0x00000000e0000000)
  object space 95744K, 49% used [0x00000000a0000000,0x00000000a2e6c010,0x00000000a5d80000)
 Metaspace       used 67003K, capacity 69542K, committed 69760K, reserved 1110016K
  class space    used 8917K, capacity 9583K, committed 9600K, reserved 1048576K
}
Event: 950.776 GC heap before
{Heap before GC invocations=25 (full 3):
 PSYoungGen      total 155136K, used 155122K [0x00000000e0000000, 0x00000000ed180000, 0x0000000100000000)
  eden space 128512K, 100% used [0x00000000e0000000,0x00000000e7d80000,0x00000000e7d80000)
  from space 26624K, 99% used [0x00000000e7d80000,0x00000000e977c9f0,0x00000000e9780000)
  to   space 33792K, 0% used [0x00000000eb080000,0x00000000eb080000,0x00000000ed180000)
 ParOldGen       total 95744K, used 47536K [0x00000000a0000000, 0x00000000a5d80000, 0x00000000e0000000)
  object space 95744K, 49% used [0x00000000a0000000,0x00000000a2e6c010,0x00000000a5d80000)
 Metaspace       used 67677K, capacity 70218K, committed 70400K, reserved 1110016K
  class space    used 8938K, capacity 9627K, committed 9728K, reserved 1048576K
Event: 950.842 GC heap after
Heap after GC invocations=25 (full 3):
 PSYoungGen      total 154112K, used 29202K [0x00000000e0000000, 0x00000000ecd80000, 0x0000000100000000)
  eden space 124416K, 0% used [0x00000000e0000000,0x00000000e0000000,0x00000000e7980000)
  from space 29696K, 98% used [0x00000000eb080000,0x00000000ecd049e0,0x00000000ecd80000)
  to   space 37376K, 0% used [0x00000000e8480000,0x00000000e8480000,0x00000000ea900000)
 ParOldGen       total 95744K, used 47544K [0x00000000a0000000, 0x00000000a5d80000, 0x00000000e0000000)
  object space 95744K, 49% used [0x00000000a0000000,0x00000000a2e6e010,0x00000000a5d80000)
 Metaspace       used 67677K, capacity 70218K, committed 70400K, reserved 1110016K
  class space    used 8938K, capacity 9627K, committed 9728K, reserved 1048576K
}
Event: 961.819 GC heap before
{Heap before GC invocations=26 (full 3):
 PSYoungGen      total 154112K, used 153618K [0x00000000e0000000, 0x00000000ecd80000, 0x0000000100000000)
  eden space 124416K, 100% used [0x00000000e0000000,0x00000000e7980000,0x00000000e7980000)
  from space 29696K, 98% used [0x00000000eb080000,0x00000000ecd049e0,0x00000000ecd80000)
  to   space 37376K, 0% used [0x00000000e8480000,0x00000000e8480000,0x00000000ea900000)
 ParOldGen       total 95744K, used 47544K [0x00000000a0000000, 0x00000000a5d80000, 0x00000000e0000000)
  object space 95744K, 49% used [0x00000000a0000000,0x00000000a2e6e010,0x00000000a5d80000)
 Metaspace       used 68784K, capacity 71484K, committed 71808K, reserved 1112064K
  class space    used 9047K, capacity 9748K, committed 9856K, reserved 1048576K
Event: 961.869 GC heap after
Heap after GC invocations=26 (full 3):
 PSYoungGen      total 153600K, used 33114K [0x00000000e0000000, 0x00000000ec780000, 0x0000000100000000)
  eden space 120320K, 0% used [0x00000000e0000000,0x00000000e0000000,0x00000000e7580000)
  from space 33280K, 99% used [0x00000000e8480000,0x00000000ea4d6be0,0x00000000ea500000)
  to   space 35328K, 0% used [0x00000000ea500000,0x00000000ea500000,0x00000000ec780000)
 ParOldGen       total 95744K, used 47552K [0x00000000a0000000, 0x00000000a5d80000, 0x00000000e0000000)
  object space 95744K, 49% used [0x00000000a0000000,0x00000000a2e70010,0x00000000a5d80000)
 Metaspace       used 68784K, capacity 71484K, committed 71808K, reserved 1112064K
  class space    used 9047K, capacity 9748K, committed 9856K, reserved 1048576K
}

