# JRE version: OpenJDK Runtime Environment (8.0_152-b02) (build 1.8.0_152-release-1024-b02)
# Java VM: OpenJDK 64-Bit Server VM (25.152-b02 mixed mode windows-amd64 compressed oops)
Heap:
 PSYoungGen      total 226304K, used 154936K [0x00000000e0000000, 0x00000000ef380000, 0x0000000100000000)
  eden space 212480K, 72% used [0x00000000e0000000,0x00000000e974e020,0x00000000ecf80000)
  from space 13824K, 0% used [0x00000000ee600000,0x00000000ee600000,0x00000000ef380000)
  to   space 18432K, 16% used [0x00000000ecf80000,0x00000000ed27a7d8,0x00000000ee180000)
 ParOldGen       total 206848K, used 131467K [0x00000000a0000000, 0x00000000aca00000, 0x00000000e0000000)
  object space 206848K, 63% used [0x00000000a0000000,0x00000000a8062cf0,0x00000000aca00000)
 Metaspace       used 64226K, capacity 66260K, committed 66432K, reserved 1105920K
  class space    used 8486K, capacity 8996K, committed 9088K, reserved 1048576K
GC Heap History (10 events):
Event: 56.671 GC heap before
{Heap before GC invocations=19 (full 3):
 PSYoungGen      total 200192K, used 8498K [0x00000000e0000000, 0x00000000ed480000, 0x0000000100000000)
  eden space 187904K, 0% used [0x00000000e0000000,0x00000000e0000000,0x00000000eb780000)
  from space 12288K, 69% used [0x00000000ec880000,0x00000000ed0cc9b0,0x00000000ed480000)
  to   space 14848K, 0% used [0x00000000eb780000,0x00000000eb780000,0x00000000ec600000)
 ParOldGen       total 52736K, used 43862K [0x00000000a0000000, 0x00000000a3380000, 0x00000000e0000000)
  object space 52736K, 83% used [0x00000000a0000000,0x00000000a2ad58e8,0x00000000a3380000)
 Metaspace       used 57095K, capacity 58928K, committed 59008K, reserved 1099776K
  class space    used 7782K, capacity 8244K, committed 8320K, reserved 1048576K
Event: 57.219 GC heap after
Heap after GC invocations=19 (full 3):
 PSYoungGen      total 200192K, used 0K [0x00000000e0000000, 0x00000000ed480000, 0x0000000100000000)
  eden space 187904K, 0% used [0x00000000e0000000,0x00000000e0000000,0x00000000eb780000)
  from space 12288K, 0% used [0x00000000ec880000,0x00000000ec880000,0x00000000ed480000)
  to   space 14848K, 0% used [0x00000000eb780000,0x00000000eb780000,0x00000000ec600000)
 ParOldGen       total 102400K, used 48662K [0x00000000a0000000, 0x00000000a6400000, 0x00000000e0000000)
  object space 102400K, 47% used [0x00000000a0000000,0x00000000a2f85b80,0x00000000a6400000)
 Metaspace       used 57095K, capacity 58928K, committed 59008K, reserved 1099776K
  class space    used 7782K, capacity 8244K, committed 8320K, reserved 1048576K
}
Event: 80.108 GC heap before
{Heap before GC invocations=20 (full 3):
 PSYoungGen      total 200192K, used 187904K [0x00000000e0000000, 0x00000000ed480000, 0x0000000100000000)
  eden space 187904K, 100% used [0x00000000e0000000,0x00000000eb780000,0x00000000eb780000)
  from space 12288K, 0% used [0x00000000ec880000,0x00000000ec880000,0x00000000ed480000)
  to   space 14848K, 0% used [0x00000000eb780000,0x00000000eb780000,0x00000000ec600000)
 ParOldGen       total 102400K, used 48662K [0x00000000a0000000, 0x00000000a6400000, 0x00000000e0000000)
  object space 102400K, 47% used [0x00000000a0000000,0x00000000a2f85b80,0x00000000a6400000)
 Metaspace       used 61986K, capacity 63768K, committed 64000K, reserved 1103872K
  class space    used 8199K, capacity 8662K, committed 8704K, reserved 1048576K
Event: 80.161 GC heap after
Heap after GC invocations=20 (full 3):
 PSYoungGen      total 202752K, used 14828K [0x00000000e0000000, 0x00000000ef900000, 0x0000000100000000)
  eden space 187904K, 0% used [0x00000000e0000000,0x00000000e0000000,0x00000000eb780000)
  from space 14848K, 99% used [0x00000000eb780000,0x00000000ec5fb130,0x00000000ec600000)
  to   space 19456K, 0% used [0x00000000ee600000,0x00000000ee600000,0x00000000ef900000)
 ParOldGen       total 102400K, used 55110K [0x00000000a0000000, 0x00000000a6400000, 0x00000000e0000000)
  object space 102400K, 53% used [0x00000000a0000000,0x00000000a35d1828,0x00000000a6400000)
 Metaspace       used 61986K, capacity 63768K, committed 64000K, reserved 1103872K
  class space    used 8199K, capacity 8662K, committed 8704K, reserved 1048576K
}
Event: 102.903 GC heap before
{Heap before GC invocations=21 (full 3):
 PSYoungGen      total 202752K, used 202732K [0x00000000e0000000, 0x00000000ef900000, 0x0000000100000000)
  eden space 187904K, 100% used [0x00000000e0000000,0x00000000eb780000,0x00000000eb780000)
  from space 14848K, 99% used [0x00000000eb780000,0x00000000ec5fb130,0x00000000ec600000)
  to   space 19456K, 0% used [0x00000000ee600000,0x00000000ee600000,0x00000000ef900000)
 ParOldGen       total 102400K, used 55110K [0x00000000a0000000, 0x00000000a6400000, 0x00000000e0000000)
  object space 102400K, 53% used [0x00000000a0000000,0x00000000a35d1828,0x00000000a6400000)
 Metaspace       used 62983K, capacity 64988K, committed 65152K, reserved 1105920K
  class space    used 8322K, capacity 8828K, committed 8832K, reserved 1048576K
Event: 102.961 GC heap after
Heap after GC invocations=21 (full 3):
 PSYoungGen      total 226304K, used 7173K [0x00000000e0000000, 0x00000000ef380000, 0x0000000100000000)
  eden space 212480K, 0% used [0x00000000e0000000,0x00000000e0000000,0x00000000ecf80000)
  from space 13824K, 51% used [0x00000000ee600000,0x00000000eed015c8,0x00000000ef380000)
  to   space 18432K, 0% used [0x00000000ecf80000,0x00000000ecf80000,0x00000000ee180000)
 ParOldGen       total 102400K, used 69831K [0x00000000a0000000, 0x00000000a6400000, 0x00000000e0000000)
  object space 102400K, 68% used [0x00000000a0000000,0x00000000a4431c00,0x00000000a6400000)
 Metaspace       used 62983K, capacity 64988K, committed 65152K, reserved 1105920K
  class space    used 8322K, capacity 8828K, committed 8832K, reserved 1048576K
}
Event: 147.936 GC heap before
{Heap before GC invocations=22 (full 3):
 PSYoungGen      total 226304K, used 219653K [0x00000000e0000000, 0x00000000ef380000, 0x0000000100000000)
  eden space 212480K, 100% used [0x00000000e0000000,0x00000000ecf80000,0x00000000ecf80000)
  from space 13824K, 51% used [0x00000000ee600000,0x00000000eed015c8,0x00000000ef380000)
  to   space 18432K, 0% used [0x00000000ecf80000,0x00000000ecf80000,0x00000000ee180000)
 ParOldGen       total 102400K, used 69831K [0x00000000a0000000, 0x00000000a6400000, 0x00000000e0000000)
  object space 102400K, 68% used [0x00000000a0000000,0x00000000a4431c00,0x00000000a6400000)
 Metaspace       used 63864K, capacity 65908K, committed 66176K, reserved 1105920K
  class space    used 8448K, capacity 8964K, committed 9088K, reserved 1048576K
Event: 148.145 GC heap after
Heap after GC invocations=22 (full 3):
 PSYoungGen      total 226304K, used 219653K [0x00000000e0000000, 0x00000000ef380000, 0x0000000100000000)
  eden space 212480K, 100% used [0x00000000e0000000,0x00000000ecf80000,0x00000000ecf80000)
  from space 13824K, 51% used [0x00000000ee600000,0x00000000eed015c8,0x00000000ef380000)
  to   space 18432K, 99% used [0x00000000ecf80000,0x00000000ee17c090,0x00000000ee180000)
 ParOldGen       total 131584K, used 131295K [0x00000000a0000000, 0x00000000a8080000, 0x00000000e0000000)
  object space 131584K, 99% used [0x00000000a0000000,0x00000000a8037cb0,0x00000000a8080000)
 Metaspace       used 63864K, capacity 65908K, committed 66176K, reserved 1105920K
  class space    used 8448K, capacity 8964K, committed 9088K, reserved 1048576K
}
Event: 148.168 GC heap before
{Heap before GC invocations=23 (full 4):
 PSYoungGen      total 226304K, used 219653K [0x00000000e0000000, 0x00000000ef380000, 0x0000000100000000)
  eden space 212480K, 100% used [0x00000000e0000000,0x00000000ecf80000,0x00000000ecf80000)
  from space 13824K, 51% used [0x00000000ee600000,0x00000000eed015c8,0x00000000ef380000)
  to   space 18432K, 99% used [0x00000000ecf80000,0x00000000ee17c090,0x00000000ee180000)
 ParOldGen       total 131584K, used 131295K [0x00000000a0000000, 0x00000000a8080000, 0x00000000e0000000)
  object space 131584K, 99% used [0x00000000a0000000,0x00000000a8037cb0,0x00000000a8080000)
 Metaspace       used 63864K, capacity 65908K, committed 66176K, reserved 1105920K
  class space    used 8448K, capacity 8964K, committed 9088K, reserved 1048576K
Event: 149.298 GC heap after
Heap after GC invocations=23 (full 4):
 PSYoungGen      total 226304K, used 0K [0x00000000e0000000, 0x00000000ef380000, 0x0000000100000000)
  eden space 212480K, 0% used [0x00000000e0000000,0x00000000e0000000,0x00000000ecf80000)
  from space 13824K, 0% used [0x00000000ee600000,0x00000000ee600000,0x00000000ef380000)
  to   space 18432K, 16% used [0x00000000ecf80000,0x00000000ed27a7d8,0x00000000ee180000)
 ParOldGen       total 206848K, used 131467K [0x00000000a0000000, 0x00000000aca00000, 0x00000000e0000000)
  object space 206848K, 63% used [0x00000000a0000000,0x00000000a8062cf0,0x00000000aca00000)
 Metaspace       used 63864K, capacity 65908K, committed 66176K, reserved 1105920K
  class space    used 8448K, capacity 8964K, committed 9088K, reserved 1048576K
}

